[18:16:35] [Warning] [FSAL Cache] Cache data dir does not yet exist: /home/ruben/.config/Zettlr/fsal/cache.
[18:16:35] [Info] こんにちは！ Booting Zettlr at Mon Nov 11 2024 18:16:35 GMT-0600 (hora estándar central).
[18:16:35] [Info] Registering custom protocol safe-file
[18:16:35] [Info] No configuration detected: Assuming first start and new version!
[18:16:35] [Info] [Workspace Provider] Synchronized roots in 0 seconds
[18:16:35] [Warning] [Assets Provider] Required defaults file HTML to Markdown.yaml not found. Copying ...
[18:16:35] [Warning] [Assets Provider] Required defaults file HTML.yaml not found. Copying ...
[18:16:35] [Warning] [Assets Provider] Required defaults file LaTeX to Markdown.yaml not found. Copying ...
[18:16:35] [Warning] [Assets Provider] Required defaults file LaTeX.yaml not found. Copying ...
[18:16:35] [Warning] [Assets Provider] Required defaults file Markdown.yaml not found. Copying ...
[18:16:35] [Warning] [Assets Provider] Required defaults file Microsoft Word to Markdown.yaml not found. Copying ...
[18:16:35] [Warning] [Assets Provider] Required defaults file Microsoft Word.yaml not found. Copying ...
[18:16:35] [Warning] [Assets Provider] Required defaults file OPML to Markdown.yaml not found. Copying ...
[18:16:35] [Warning] [Assets Provider] Required defaults file Open Document Text to Markdown.yaml not found. Copying ...
[18:16:35] [Warning] [Assets Provider] Required defaults file Open Document Text.yaml not found. Copying ...
[18:16:35] [Warning] [Assets Provider] Required defaults file Orgmode to Markdown.yaml not found. Copying ...
[18:16:35] [Warning] [Assets Provider] Required defaults file Plain Text.yaml not found. Copying ...
[18:16:35] [Warning] [Assets Provider] Required defaults file Reveal.js.yaml not found. Copying ...
[18:16:35] [Warning] [Assets Provider] Required defaults file Rich Text Format.yaml not found. Copying ...
[18:16:35] [Warning] [Assets Provider] Required defaults file Textile to Markdown.yaml not found. Copying ...
[18:16:35] [Warning] [Assets Provider] Required defaults file Wiki to Markdown.yaml not found. Copying ...
[18:16:35] [Warning] [Assets Provider] Required defaults file XeLaTeX PDF.yaml not found. Copying ...
[18:16:35] [Warning] [Assets Provider] Required defaults file reStructuredText to Markdown.yaml not found. Copying ...
[18:16:35] [Warning] [Assets Provider] Required defaults file text2tags to Markdown.yaml not found. Copying ...
[18:16:35] [Warning] [Assets Provider] Required filter links.lua not found. Copying ...
[18:16:35] [Warning] [Assets Provider] Required filter tags.lua not found. Copying ...
[18:16:35] [Info] [Citeproc Provider] Loading CSL locale file at /usr/lib/zettlr/app.asar/.webpack/main/assets/csl-locales/locales-es-ES.xml ...
[18:16:35] [Info] [Update Provider] Checking for application updates ...
[18:16:35] [Info] [Updater] Checking https://zettlr.com/api/releases/latest for updates ...
[18:16:35] [Info] Clearing the FSAL cache ...
[18:16:35] [Info] [FSAL Cache] Cache cleared!
[18:16:35] [Info] [Window Manager] Window Manager started.
[18:16:35] [Info] [Document Manager] Initializing document storage ...
[18:16:35] [Info] [Document Manager] Restored 1 open windows.
[18:16:35] [Info] [AppServiceContainer] Boot successful!
[18:16:35] [Info] [AppServiceContainer] Copying over the interactive tutorial!
[18:16:35] [Info] Successfully copied the tutorial files | Details: LaTeX Guide.md, LaTeX Guide.pdf, citing.md, helpful-links.md, references.json, split-view-intro.md, welcome.md, zettelkasten.md, zettlr.png
[18:16:35] [Error] [Application] Could not open tutorial files: Directory has not been added to Workspaces
[18:16:35] [Info] [FSALCache] Creating new shard: 14
[18:16:35] [Info] [FSALCache] Creating new shard: 17
[18:16:35] [Info] [FSALCache] Creating new shard: -1
[18:16:35] [Info] [FSALCache] Creating new shard: 19
[18:16:35] [Info] [FSALCache] Creating new shard: -5
[18:16:35] [Info] [FSALCache] Creating new shard: 10
[18:16:35] [Info] [Workspace Provider] Synchronized roots in 0.02 seconds
[18:16:36] [Info] [Update Provider] New update available! Please update to v3.2.3 soon!
[18:16:37] [Info] [Update Provider] Found SHA256 checksum for Zettlr-3.2.3-x64.exe
[18:16:37] [Info] [Update Provider] Found SHA256 checksum for Zettlr-3.2.3-x64.dmg
[18:16:37] [Info] [Update Provider] Found SHA256 checksum for Zettlr-3.2.3-arm64.dmg
[18:16:37] [Info] [Update Provider] Found SHA256 checksum for Zettlr-3.2.3-x86_64.AppImage
[18:16:37] [Info] [Update Provider] Found SHA256 checksum for Zettlr-3.2.3-arm64.AppImage
[18:16:37] [Info] [Update Provider] Found SHA256 checksum for Zettlr-3.2.3-amd64.deb
[18:16:37] [Info] [Update Provider] Found SHA256 checksum for Zettlr-3.2.3-arm64.deb
[18:16:37] [Info] [Update Provider] Found SHA256 checksum for Zettlr-3.2.3-x86_64.rpm
[18:16:37] [Info] [Update Provider] Found SHA256 checksum for Zettlr-3.2.3-aarch64.rpm
[18:16:37] [Info] Update available: v3.2.3
[18:16:39] [Info] さようなら！ Shutting down at Mon Nov 11 2024 18:16:39 GMT-0600 (hora estándar central)
[18:16:39] [Info] Application uptime was: 0 minutes, and 4.159 seconds.
[18:16:39] [Info] [FSAL Cache] Cleaned up cache: Removed 0 remnants.
